<?xml version="1.0" encoding="UTF-8"?>
<testsuite xmlns:xsi="http://www.w3.org/2001/XMLSchema-instance" xsi:noNamespaceSchemaLocation="https://maven.apache.org/surefire/maven-surefire-plugin/xsd/surefire-test-report.xsd" name="com.rcuebillas.cashregistry.service.TestTakeCashService" time="0.1" tests="4" errors="0" skipped="0" failures="0">
  <properties>
[...]
</properties>
  <testcase name="testInputMoreThan6" classname="com.rcuebillas.cashregistry.service.TestTakeCashService" time="0"/>
  <testcase name="testInputNotANumber" classname="com.rcuebillas.cashregistry.service.TestTakeCashService" time="0.016"/>
  <testcase name="testInputEquals6" classname="com.rcuebillas.cashregistry.service.TestTakeCashService" time="0.078"/>
  <testcase name="testInputLessThan6" classname="com.rcuebillas.cashregistry.service.TestTakeCashService" time="0.006"/>
</testsuite>